<?xml version="1.0" encoding="UTF-8"?>
<testng-results ignored="0" total="3" passed="3" failed="0" skipped="0">
  <reporter-output>
  </reporter-output>
  <suite started-at="2024-10-08T02:23:30 IST" name="Default suite" finished-at="2024-10-08T02:23:45 IST" duration-ms="15194">
    <groups>
    </groups>
    <test started-at="2024-10-08T02:23:30 IST" name="Default test" finished-at="2024-10-08T02:23:45 IST" duration-ms="15194">
      <class name="com.testng.TestNGWebdriver">
        <test-method is-config="true" signature="before()[pri:0, instance:com.testng.TestNGWebdriver@3e694b3f]" started-at="2024-10-08T02:23:30 IST" name="before" finished-at="2024-10-08T02:23:37 IST" duration-ms="6459" status="PASS">
          <reporter-output>
          </reporter-output>
        </test-method> <!-- before -->
        <test-method signature="enterUsername()[pri:0, instance:com.testng.TestNGWebdriver@3e694b3f]" started-at="2024-10-08T02:23:37 IST" name="enterUsername" finished-at="2024-10-08T02:23:39 IST" duration-ms="2138" status="PASS">
          <reporter-output>
          </reporter-output>
        </test-method> <!-- enterUsername -->
        <test-method signature="enterPassword()[pri:1, instance:com.testng.TestNGWebdriver@3e694b3f]" started-at="2024-10-08T02:23:39 IST" name="enterPassword" finished-at="2024-10-08T02:23:41 IST" duration-ms="2126" status="PASS">
          <reporter-output>
          </reporter-output>
        </test-method> <!-- enterPassword -->
        <test-method signature="clickLogin()[pri:2, instance:com.testng.TestNGWebdriver@3e694b3f]" started-at="2024-10-08T02:23:41 IST" name="clickLogin" finished-at="2024-10-08T02:23:43 IST" duration-ms="2161" status="PASS">
          <reporter-output>
          </reporter-output>
        </test-method> <!-- clickLogin -->
        <test-method is-config="true" signature="after()[pri:0, instance:com.testng.TestNGWebdriver@3e694b3f]" started-at="2024-10-08T02:23:43 IST" name="after" finished-at="2024-10-08T02:23:45 IST" duration-ms="2258" status="PASS">
          <reporter-output>
          </reporter-output>
        </test-method> <!-- after -->
      </class> <!-- com.testng.TestNGWebdriver -->
    </test> <!-- Default test -->
  </suite> <!-- Default suite -->
</testng-results>
