<?xml version="1.0" encoding="UTF-8"?>
<!-- Generated by org.testng.reporters.JUnitXMLReporter -->
<testsuite ignored="0" hostname="DESKTOP-MI5MEBA" failures="0" tests="3" name="Default test" time="15.194" errors="0" timestamp="2024-10-08T02:23:45 IST">
  <testcase classname="com.testng.TestNGWebdriver" name="enterUsername" time="2.138"/>
  <testcase classname="com.testng.TestNGWebdriver" name="enterPassword" time="2.126"/>
  <testcase classname="com.testng.TestNGWebdriver" name="clickLogin" time="2.161"/>
</testsuite> <!-- Default test -->
